[2024-06-23T20:09:11.726+0000] {local_task_job_runner.py:120} INFO - ::group::Pre task execution logs
[2024-06-23T20:09:11.749+0000] {taskinstance.py:2076} INFO - Dependencies all met for dep_context=non-requeueable deps ti=<TaskInstance: Two_task_dag.one_task manual__2024-06-23T20:09:08.683311+00:00 [queued]>
[2024-06-23T20:09:11.753+0000] {taskinstance.py:2076} INFO - Dependencies all met for dep_context=requeueable deps ti=<TaskInstance: Two_task_dag.one_task manual__2024-06-23T20:09:08.683311+00:00 [queued]>
[2024-06-23T20:09:11.754+0000] {taskinstance.py:2306} INFO - Starting attempt 1 of 1
[2024-06-23T20:09:11.792+0000] {taskinstance.py:2330} INFO - Executing <Task(BashOperator): one_task> on 2024-06-23 20:09:08.683311+00:00
[2024-06-23T20:09:11.797+0000] {standard_task_runner.py:63} INFO - Started process 115646 to run task
[2024-06-23T20:09:11.803+0000] {standard_task_runner.py:90} INFO - Running: ['airflow', 'tasks', 'run', 'Two_task_dag', 'one_task', 'manual__2024-06-23T20:09:08.683311+00:00', '--job-id', '11', '--raw', '--subdir', 'DAGS_FOLDER/two_task_dag.py', '--cfg-path', '/tmp/tmpyj8j1qm9']
[2024-06-23T20:09:11.805+0000] {standard_task_runner.py:91} INFO - Job 11: Subtask one_task
[2024-06-23T20:09:11.857+0000] {task_command.py:426} INFO - Running <TaskInstance: Two_task_dag.one_task manual__2024-06-23T20:09:08.683311+00:00 [running]> on host codespaces-ee93ac
[2024-06-23T20:09:11.949+0000] {taskinstance.py:2648} INFO - Exporting env vars: AIRFLOW_CTX_DAG_OWNER='Vinoo' AIRFLOW_CTX_DAG_ID='Two_task_dag' AIRFLOW_CTX_TASK_ID='one_task' AIRFLOW_CTX_EXECUTION_DATE='2024-06-23T20:09:08.683311+00:00' AIRFLOW_CTX_TRY_NUMBER='1' AIRFLOW_CTX_DAG_RUN_ID='manual__2024-06-23T20:09:08.683311+00:00'
[2024-06-23T20:09:11.950+0000] {taskinstance.py:430} INFO - ::endgroup::
[2024-06-23T20:09:11.951+0000] {subprocess.py:63} INFO - Tmp dir root location: /tmp
[2024-06-23T20:09:11.951+0000] {subprocess.py:75} INFO - Running command: ['/usr/bin/bash', '-c', 'echo "first task complete!" ']
[2024-06-23T20:09:11.959+0000] {subprocess.py:86} INFO - Output:
[2024-06-23T20:09:11.960+0000] {subprocess.py:93} INFO - first task complete!
[2024-06-23T20:09:11.961+0000] {subprocess.py:97} INFO - Command exited with return code 0
[2024-06-23T20:09:11.961+0000] {taskinstance.py:441} INFO - ::group::Post task execution logs
[2024-06-23T20:09:11.997+0000] {taskinstance.py:1206} INFO - Marking task as SUCCESS. dag_id=Two_task_dag, task_id=one_task, run_id=manual__2024-06-23T20:09:08.683311+00:00, execution_date=20240623T200908, start_date=20240623T200911, end_date=20240623T200911
[2024-06-23T20:09:12.052+0000] {local_task_job_runner.py:240} INFO - Task exited with return code 0
[2024-06-23T20:09:12.066+0000] {taskinstance.py:3503} INFO - 1 downstream tasks scheduled from follow-on schedule check
[2024-06-23T20:09:12.094+0000] {local_task_job_runner.py:222} INFO - ::endgroup::
