[2024-06-23T20:09:14.728+0000] {local_task_job_runner.py:120} INFO - ::group::Pre task execution logs
[2024-06-23T20:09:14.748+0000] {taskinstance.py:2076} INFO - Dependencies all met for dep_context=non-requeueable deps ti=<TaskInstance: Two_task_dag.Two_task manual__2024-06-23T20:09:08.683311+00:00 [queued]>
[2024-06-23T20:09:14.753+0000] {taskinstance.py:2076} INFO - Dependencies all met for dep_context=requeueable deps ti=<TaskInstance: Two_task_dag.Two_task manual__2024-06-23T20:09:08.683311+00:00 [queued]>
[2024-06-23T20:09:14.753+0000] {taskinstance.py:2306} INFO - Starting attempt 1 of 1
[2024-06-23T20:09:14.791+0000] {taskinstance.py:2330} INFO - Executing <Task(BashOperator): Two_task> on 2024-06-23 20:09:08.683311+00:00
[2024-06-23T20:09:14.795+0000] {standard_task_runner.py:63} INFO - Started process 115663 to run task
[2024-06-23T20:09:14.798+0000] {standard_task_runner.py:90} INFO - Running: ['airflow', 'tasks', 'run', 'Two_task_dag', 'Two_task', 'manual__2024-06-23T20:09:08.683311+00:00', '--job-id', '12', '--raw', '--subdir', 'DAGS_FOLDER/two_task_dag.py', '--cfg-path', '/tmp/tmp_e08feq1']
[2024-06-23T20:09:14.799+0000] {standard_task_runner.py:91} INFO - Job 12: Subtask Two_task
[2024-06-23T20:09:14.857+0000] {task_command.py:426} INFO - Running <TaskInstance: Two_task_dag.Two_task manual__2024-06-23T20:09:08.683311+00:00 [running]> on host codespaces-ee93ac
[2024-06-23T20:09:14.952+0000] {taskinstance.py:2648} INFO - Exporting env vars: AIRFLOW_CTX_DAG_OWNER='Vinoo' AIRFLOW_CTX_DAG_ID='Two_task_dag' AIRFLOW_CTX_TASK_ID='Two_task' AIRFLOW_CTX_EXECUTION_DATE='2024-06-23T20:09:08.683311+00:00' AIRFLOW_CTX_TRY_NUMBER='1' AIRFLOW_CTX_DAG_RUN_ID='manual__2024-06-23T20:09:08.683311+00:00'
[2024-06-23T20:09:14.953+0000] {taskinstance.py:430} INFO - ::endgroup::
[2024-06-23T20:09:14.954+0000] {subprocess.py:63} INFO - Tmp dir root location: /tmp
[2024-06-23T20:09:14.954+0000] {subprocess.py:75} INFO - Running command: ['/usr/bin/bash', '-c', 'echo "sleeping...." ; sleep 5; "second task complete"']
[2024-06-23T20:09:14.962+0000] {subprocess.py:86} INFO - Output:
[2024-06-23T20:09:14.963+0000] {subprocess.py:93} INFO - sleeping....
[2024-06-23T20:09:19.965+0000] {subprocess.py:93} INFO - /usr/bin/bash: second task complete: command not found
[2024-06-23T20:09:19.966+0000] {subprocess.py:97} INFO - Command exited with return code 127
[2024-06-23T20:09:19.966+0000] {taskinstance.py:441} INFO - ::group::Post task execution logs
[2024-06-23T20:09:19.972+0000] {taskinstance.py:2905} ERROR - Task failed with exception
Traceback (most recent call last):
  File "/usr/local/python/3.10.13/lib/python3.10/site-packages/airflow/models/taskinstance.py", line 465, in _execute_task
    result = _execute_callable(context=context, **execute_callable_kwargs)
  File "/usr/local/python/3.10.13/lib/python3.10/site-packages/airflow/models/taskinstance.py", line 432, in _execute_callable
    return execute_callable(context=context, **execute_callable_kwargs)
  File "/usr/local/python/3.10.13/lib/python3.10/site-packages/airflow/models/baseoperator.py", line 401, in wrapper
    return func(self, *args, **kwargs)
  File "/usr/local/python/3.10.13/lib/python3.10/site-packages/airflow/operators/bash.py", line 243, in execute
    raise AirflowException(
airflow.exceptions.AirflowException: Bash command failed. The command returned a non-zero exit code 127.
[2024-06-23T20:09:19.974+0000] {taskinstance.py:1206} INFO - Marking task as FAILED. dag_id=Two_task_dag, task_id=Two_task, run_id=manual__2024-06-23T20:09:08.683311+00:00, execution_date=20240623T200908, start_date=20240623T200914, end_date=20240623T200919
[2024-06-23T20:09:20.008+0000] {standard_task_runner.py:110} ERROR - Failed to execute job 12 for task Two_task (Bash command failed. The command returned a non-zero exit code 127.; 115663)
[2024-06-23T20:09:20.044+0000] {local_task_job_runner.py:240} INFO - Task exited with return code 1
[2024-06-23T20:09:20.052+0000] {taskinstance.py:3503} INFO - 0 downstream tasks scheduled from follow-on schedule check
[2024-06-23T20:09:20.052+0000] {local_task_job_runner.py:222} INFO - ::endgroup::
