[2024-06-23T20:11:36.188+0000] {local_task_job_runner.py:120} INFO - ::group::Pre task execution logs
[2024-06-23T20:11:36.210+0000] {taskinstance.py:2076} INFO - Dependencies all met for dep_context=non-requeueable deps ti=<TaskInstance: newdag.task2 manual__2024-06-23T20:11:24.333743+00:00 [queued]>
[2024-06-23T20:11:36.215+0000] {taskinstance.py:2076} INFO - Dependencies all met for dep_context=requeueable deps ti=<TaskInstance: newdag.task2 manual__2024-06-23T20:11:24.333743+00:00 [queued]>
[2024-06-23T20:11:36.215+0000] {taskinstance.py:2306} INFO - Starting attempt 1 of 1
[2024-06-23T20:11:36.251+0000] {taskinstance.py:2330} INFO - Executing <Task(BashOperator): task2> on 2024-06-23 20:11:24.333743+00:00
[2024-06-23T20:11:36.255+0000] {standard_task_runner.py:63} INFO - Started process 116918 to run task
[2024-06-23T20:11:36.257+0000] {standard_task_runner.py:90} INFO - Running: ['airflow', 'tasks', 'run', 'newdag', 'task2', 'manual__2024-06-23T20:11:24.333743+00:00', '--job-id', '14', '--raw', '--subdir', 'DAGS_FOLDER/new.py', '--cfg-path', '/tmp/tmpvab7e6ok']
[2024-06-23T20:11:36.258+0000] {standard_task_runner.py:91} INFO - Job 14: Subtask task2
[2024-06-23T20:11:36.315+0000] {task_command.py:426} INFO - Running <TaskInstance: newdag.task2 manual__2024-06-23T20:11:24.333743+00:00 [running]> on host codespaces-ee93ac
[2024-06-23T20:11:36.407+0000] {taskinstance.py:2648} INFO - Exporting env vars: AIRFLOW_CTX_DAG_OWNER='Vinoo' AIRFLOW_CTX_DAG_ID='newdag' AIRFLOW_CTX_TASK_ID='task2' AIRFLOW_CTX_EXECUTION_DATE='2024-06-23T20:11:24.333743+00:00' AIRFLOW_CTX_TRY_NUMBER='1' AIRFLOW_CTX_DAG_RUN_ID='manual__2024-06-23T20:11:24.333743+00:00'
[2024-06-23T20:11:36.408+0000] {taskinstance.py:430} INFO - ::endgroup::
[2024-06-23T20:11:36.409+0000] {subprocess.py:63} INFO - Tmp dir root location: /tmp
[2024-06-23T20:11:36.410+0000] {subprocess.py:75} INFO - Running command: ['/usr/bin/bash', '-c', 'echo "Task 2: hello world"']
[2024-06-23T20:11:36.418+0000] {subprocess.py:86} INFO - Output:
[2024-06-23T20:11:36.419+0000] {subprocess.py:93} INFO - Task 2: hello world
[2024-06-23T20:11:36.419+0000] {subprocess.py:97} INFO - Command exited with return code 0
[2024-06-23T20:11:36.419+0000] {taskinstance.py:441} INFO - ::group::Post task execution logs
[2024-06-23T20:11:36.455+0000] {taskinstance.py:1206} INFO - Marking task as SUCCESS. dag_id=newdag, task_id=task2, run_id=manual__2024-06-23T20:11:24.333743+00:00, execution_date=20240623T201124, start_date=20240623T201136, end_date=20240623T201136
[2024-06-23T20:11:36.509+0000] {local_task_job_runner.py:240} INFO - Task exited with return code 0
[2024-06-23T20:11:36.519+0000] {taskinstance.py:3503} INFO - 0 downstream tasks scheduled from follow-on schedule check
[2024-06-23T20:11:36.519+0000] {local_task_job_runner.py:222} INFO - ::endgroup::
