[2024-06-23T20:17:52.151+0000] {local_task_job_runner.py:120} INFO - ::group::Pre task execution logs
[2024-06-23T20:17:52.170+0000] {taskinstance.py:2076} INFO - Dependencies all met for dep_context=non-requeueable deps ti=<TaskInstance: newdag.task2 manual__2024-06-23T20:17:41.007696+00:00 [queued]>
[2024-06-23T20:17:52.174+0000] {taskinstance.py:2076} INFO - Dependencies all met for dep_context=requeueable deps ti=<TaskInstance: newdag.task2 manual__2024-06-23T20:17:41.007696+00:00 [queued]>
[2024-06-23T20:17:52.174+0000] {taskinstance.py:2306} INFO - Starting attempt 1 of 1
[2024-06-23T20:17:52.210+0000] {taskinstance.py:2330} INFO - Executing <Task(BashOperator): task2> on 2024-06-23 20:17:41.007696+00:00
[2024-06-23T20:17:52.214+0000] {standard_task_runner.py:63} INFO - Started process 120371 to run task
[2024-06-23T20:17:52.217+0000] {standard_task_runner.py:90} INFO - Running: ['airflow', 'tasks', 'run', 'newdag', 'task2', 'manual__2024-06-23T20:17:41.007696+00:00', '--job-id', '19', '--raw', '--subdir', 'DAGS_FOLDER/new.py', '--cfg-path', '/tmp/tmpnw7vpgl0']
[2024-06-23T20:17:52.218+0000] {standard_task_runner.py:91} INFO - Job 19: Subtask task2
[2024-06-23T20:17:52.271+0000] {task_command.py:426} INFO - Running <TaskInstance: newdag.task2 manual__2024-06-23T20:17:41.007696+00:00 [running]> on host codespaces-ee93ac
[2024-06-23T20:17:52.418+0000] {taskinstance.py:2648} INFO - Exporting env vars: AIRFLOW_CTX_DAG_OWNER='Vinoo' AIRFLOW_CTX_DAG_ID='newdag' AIRFLOW_CTX_TASK_ID='task2' AIRFLOW_CTX_EXECUTION_DATE='2024-06-23T20:17:41.007696+00:00' AIRFLOW_CTX_TRY_NUMBER='1' AIRFLOW_CTX_DAG_RUN_ID='manual__2024-06-23T20:17:41.007696+00:00'
[2024-06-23T20:17:52.419+0000] {taskinstance.py:430} INFO - ::endgroup::
[2024-06-23T20:17:52.420+0000] {subprocess.py:63} INFO - Tmp dir root location: /tmp
[2024-06-23T20:17:52.421+0000] {subprocess.py:75} INFO - Running command: ['/usr/bin/bash', '-c', 'echo "Task 2: hello world"']
[2024-06-23T20:17:52.429+0000] {subprocess.py:86} INFO - Output:
[2024-06-23T20:17:52.430+0000] {subprocess.py:93} INFO - Task 2: hello world
[2024-06-23T20:17:52.430+0000] {subprocess.py:97} INFO - Command exited with return code 0
[2024-06-23T20:17:52.430+0000] {taskinstance.py:441} INFO - ::group::Post task execution logs
[2024-06-23T20:17:52.467+0000] {taskinstance.py:1206} INFO - Marking task as SUCCESS. dag_id=newdag, task_id=task2, run_id=manual__2024-06-23T20:17:41.007696+00:00, execution_date=20240623T201741, start_date=20240623T201752, end_date=20240623T201752
[2024-06-23T20:17:52.512+0000] {local_task_job_runner.py:240} INFO - Task exited with return code 0
[2024-06-23T20:17:52.521+0000] {taskinstance.py:3503} INFO - 0 downstream tasks scheduled from follow-on schedule check
[2024-06-23T20:17:52.521+0000] {local_task_job_runner.py:222} INFO - ::endgroup::
