[2024-06-23T16:30:32.148+0000] {local_task_job_runner.py:120} INFO - ::group::Pre task execution logs
[2024-06-23T16:30:32.168+0000] {taskinstance.py:2076} INFO - Dependencies all met for dep_context=non-requeueable deps ti=<TaskInstance: one_task_dag.one_task manual__2024-06-23T16:30:28.155513+00:00 [queued]>
[2024-06-23T16:30:32.173+0000] {taskinstance.py:2076} INFO - Dependencies all met for dep_context=requeueable deps ti=<TaskInstance: one_task_dag.one_task manual__2024-06-23T16:30:28.155513+00:00 [queued]>
[2024-06-23T16:30:32.173+0000] {taskinstance.py:2306} INFO - Starting attempt 1 of 1
[2024-06-23T16:30:32.210+0000] {taskinstance.py:2330} INFO - Executing <Task(BashOperator): one_task> on 2024-06-23 16:30:28.155513+00:00
[2024-06-23T16:30:32.215+0000] {standard_task_runner.py:63} INFO - Started process 18682 to run task
[2024-06-23T16:30:32.218+0000] {standard_task_runner.py:90} INFO - Running: ['airflow', 'tasks', 'run', 'one_task_dag', 'one_task', 'manual__2024-06-23T16:30:28.155513+00:00', '--job-id', '3', '--raw', '--subdir', 'DAGS_FOLDER/one_task_dag.py', '--cfg-path', '/tmp/tmpoei6xj__']
[2024-06-23T16:30:32.219+0000] {standard_task_runner.py:91} INFO - Job 3: Subtask one_task
[2024-06-23T16:30:32.278+0000] {task_command.py:426} INFO - Running <TaskInstance: one_task_dag.one_task manual__2024-06-23T16:30:28.155513+00:00 [running]> on host codespaces-ee93ac
[2024-06-23T16:30:32.417+0000] {taskinstance.py:2648} INFO - Exporting env vars: AIRFLOW_CTX_DAG_OWNER='Vinoo' AIRFLOW_CTX_DAG_ID='one_task_dag' AIRFLOW_CTX_TASK_ID='one_task' AIRFLOW_CTX_EXECUTION_DATE='2024-06-23T16:30:28.155513+00:00' AIRFLOW_CTX_TRY_NUMBER='1' AIRFLOW_CTX_DAG_RUN_ID='manual__2024-06-23T16:30:28.155513+00:00'
[2024-06-23T16:30:32.419+0000] {taskinstance.py:430} INFO - ::endgroup::
[2024-06-23T16:30:32.420+0000] {subprocess.py:63} INFO - Tmp dir root location: /tmp
[2024-06-23T16:30:32.420+0000] {subprocess.py:75} INFO - Running command: ['/usr/bin/bash', '-c', 'echo "Hello, LinkedIn Learning!" > /workspaces/AIRFLOW-HANDSON/airflow/lab/files/one_task_dag.txt']
[2024-06-23T16:30:32.433+0000] {subprocess.py:86} INFO - Output:
[2024-06-23T16:30:32.435+0000] {subprocess.py:97} INFO - Command exited with return code 0
[2024-06-23T16:30:32.436+0000] {taskinstance.py:441} INFO - ::group::Post task execution logs
[2024-06-23T16:30:32.508+0000] {taskinstance.py:1206} INFO - Marking task as SUCCESS. dag_id=one_task_dag, task_id=one_task, run_id=manual__2024-06-23T16:30:28.155513+00:00, execution_date=20240623T163028, start_date=20240623T163032, end_date=20240623T163032
[2024-06-23T16:30:32.551+0000] {local_task_job_runner.py:240} INFO - Task exited with return code 0
[2024-06-23T16:30:32.564+0000] {taskinstance.py:3503} INFO - 0 downstream tasks scheduled from follow-on schedule check
[2024-06-23T16:30:32.565+0000] {local_task_job_runner.py:222} INFO - ::endgroup::
