[2024-06-23T19:25:25.236+0000] {local_task_job_runner.py:120} INFO - ::group::Pre task execution logs
[2024-06-23T19:25:25.257+0000] {taskinstance.py:2076} INFO - Dependencies all met for dep_context=non-requeueable deps ti=<TaskInstance: Two_task_dag.one_task manual__2024-06-23T19:25:22.700905+00:00 [queued]>
[2024-06-23T19:25:25.261+0000] {taskinstance.py:2076} INFO - Dependencies all met for dep_context=requeueable deps ti=<TaskInstance: Two_task_dag.one_task manual__2024-06-23T19:25:22.700905+00:00 [queued]>
[2024-06-23T19:25:25.261+0000] {taskinstance.py:2306} INFO - Starting attempt 1 of 1
[2024-06-23T19:25:25.298+0000] {taskinstance.py:2330} INFO - Executing <Task(BashOperator): one_task> on 2024-06-23 19:25:22.700905+00:00
[2024-06-23T19:25:25.307+0000] {standard_task_runner.py:63} INFO - Started process 96774 to run task
[2024-06-23T19:25:25.313+0000] {standard_task_runner.py:90} INFO - Running: ['airflow', 'tasks', 'run', 'Two_task_dag', 'one_task', 'manual__2024-06-23T19:25:22.700905+00:00', '--job-id', '9', '--raw', '--subdir', 'DAGS_FOLDER/two_task_dag.py', '--cfg-path', '/tmp/tmp650auqvr']
[2024-06-23T19:25:25.317+0000] {standard_task_runner.py:91} INFO - Job 9: Subtask one_task
[2024-06-23T19:25:25.375+0000] {task_command.py:426} INFO - Running <TaskInstance: Two_task_dag.one_task manual__2024-06-23T19:25:22.700905+00:00 [running]> on host codespaces-ee93ac
[2024-06-23T19:25:25.513+0000] {taskinstance.py:2648} INFO - Exporting env vars: AIRFLOW_CTX_DAG_OWNER='Vinoo' AIRFLOW_CTX_DAG_ID='Two_task_dag' AIRFLOW_CTX_TASK_ID='one_task' AIRFLOW_CTX_EXECUTION_DATE='2024-06-23T19:25:22.700905+00:00' AIRFLOW_CTX_TRY_NUMBER='1' AIRFLOW_CTX_DAG_RUN_ID='manual__2024-06-23T19:25:22.700905+00:00'
[2024-06-23T19:25:25.514+0000] {taskinstance.py:430} INFO - ::endgroup::
[2024-06-23T19:25:25.515+0000] {subprocess.py:63} INFO - Tmp dir root location: /tmp
[2024-06-23T19:25:25.515+0000] {subprocess.py:75} INFO - Running command: ['/usr/bin/bash', '-c', 'echo "first task complete!" ']
[2024-06-23T19:25:25.524+0000] {subprocess.py:86} INFO - Output:
[2024-06-23T19:25:25.525+0000] {subprocess.py:93} INFO - first task complete!
[2024-06-23T19:25:25.525+0000] {subprocess.py:97} INFO - Command exited with return code 0
[2024-06-23T19:25:25.526+0000] {taskinstance.py:441} INFO - ::group::Post task execution logs
[2024-06-23T19:25:25.563+0000] {taskinstance.py:1206} INFO - Marking task as SUCCESS. dag_id=Two_task_dag, task_id=one_task, run_id=manual__2024-06-23T19:25:22.700905+00:00, execution_date=20240623T192522, start_date=20240623T192525, end_date=20240623T192525
[2024-06-23T19:25:25.614+0000] {local_task_job_runner.py:240} INFO - Task exited with return code 0
[2024-06-23T19:25:25.628+0000] {taskinstance.py:3503} INFO - 1 downstream tasks scheduled from follow-on schedule check
[2024-06-23T19:25:25.655+0000] {local_task_job_runner.py:222} INFO - ::endgroup::
