[2024-06-27T19:50:44.345+0000] {local_task_job_runner.py:120} INFO - ::group::Pre task execution logs
[2024-06-27T19:50:44.364+0000] {taskinstance.py:2076} INFO - Dependencies all met for dep_context=non-requeueable deps ti=<TaskInstance: Two_task_dag.one_task manual__2024-06-27T19:50:41.387158+00:00 [queued]>
[2024-06-27T19:50:44.369+0000] {taskinstance.py:2076} INFO - Dependencies all met for dep_context=requeueable deps ti=<TaskInstance: Two_task_dag.one_task manual__2024-06-27T19:50:41.387158+00:00 [queued]>
[2024-06-27T19:50:44.369+0000] {taskinstance.py:2306} INFO - Starting attempt 1 of 1
[2024-06-27T19:50:44.409+0000] {taskinstance.py:2330} INFO - Executing <Task(BashOperator): one_task> on 2024-06-27 19:50:41.387158+00:00
[2024-06-27T19:50:44.413+0000] {standard_task_runner.py:63} INFO - Started process 18171 to run task
[2024-06-27T19:50:44.416+0000] {standard_task_runner.py:90} INFO - Running: ['airflow', 'tasks', 'run', 'Two_task_dag', 'one_task', 'manual__2024-06-27T19:50:41.387158+00:00', '--job-id', '4', '--raw', '--subdir', 'DAGS_FOLDER/two_task_dag.py', '--cfg-path', '/tmp/tmpt1f0_mb1']
[2024-06-27T19:50:44.417+0000] {standard_task_runner.py:91} INFO - Job 4: Subtask one_task
[2024-06-27T19:50:44.470+0000] {task_command.py:426} INFO - Running <TaskInstance: Two_task_dag.one_task manual__2024-06-27T19:50:41.387158+00:00 [running]> on host codespaces-ee93ac
[2024-06-27T19:50:44.603+0000] {taskinstance.py:2648} INFO - Exporting env vars: AIRFLOW_CTX_DAG_OWNER='Sabuja' AIRFLOW_CTX_DAG_ID='Two_task_dag' AIRFLOW_CTX_TASK_ID='one_task' AIRFLOW_CTX_EXECUTION_DATE='2024-06-27T19:50:41.387158+00:00' AIRFLOW_CTX_TRY_NUMBER='1' AIRFLOW_CTX_DAG_RUN_ID='manual__2024-06-27T19:50:41.387158+00:00'
[2024-06-27T19:50:44.605+0000] {taskinstance.py:430} INFO - ::endgroup::
[2024-06-27T19:50:44.606+0000] {subprocess.py:63} INFO - Tmp dir root location: /tmp
[2024-06-27T19:50:44.607+0000] {subprocess.py:75} INFO - Running command: ['/usr/bin/bash', '-c', 'echo "first task complete!" ']
[2024-06-27T19:50:44.618+0000] {subprocess.py:86} INFO - Output:
[2024-06-27T19:50:44.619+0000] {subprocess.py:93} INFO - first task complete!
[2024-06-27T19:50:44.620+0000] {subprocess.py:97} INFO - Command exited with return code 0
[2024-06-27T19:50:44.620+0000] {taskinstance.py:441} INFO - ::group::Post task execution logs
[2024-06-27T19:50:44.692+0000] {taskinstance.py:1206} INFO - Marking task as SUCCESS. dag_id=Two_task_dag, task_id=one_task, run_id=manual__2024-06-27T19:50:41.387158+00:00, execution_date=20240627T195041, start_date=20240627T195044, end_date=20240627T195044
[2024-06-27T19:50:44.748+0000] {local_task_job_runner.py:240} INFO - Task exited with return code 0
[2024-06-27T19:50:44.760+0000] {taskinstance.py:3503} INFO - 1 downstream tasks scheduled from follow-on schedule check
[2024-06-27T19:50:44.786+0000] {local_task_job_runner.py:222} INFO - ::endgroup::
