[2024-06-27T19:45:28.715+0000] {local_task_job_runner.py:120} INFO - ::group::Pre task execution logs
[2024-06-27T19:45:28.736+0000] {taskinstance.py:2076} INFO - Dependencies all met for dep_context=non-requeueable deps ti=<TaskInstance: one_task_dag.one_task manual__2024-06-27T19:45:25.019212+00:00 [queued]>
[2024-06-27T19:45:28.740+0000] {taskinstance.py:2076} INFO - Dependencies all met for dep_context=requeueable deps ti=<TaskInstance: one_task_dag.one_task manual__2024-06-27T19:45:25.019212+00:00 [queued]>
[2024-06-27T19:45:28.740+0000] {taskinstance.py:2306} INFO - Starting attempt 1 of 1
[2024-06-27T19:45:28.776+0000] {taskinstance.py:2330} INFO - Executing <Task(BashOperator): one_task> on 2024-06-27 19:45:25.019212+00:00
[2024-06-27T19:45:28.780+0000] {standard_task_runner.py:63} INFO - Started process 15716 to run task
[2024-06-27T19:45:28.783+0000] {standard_task_runner.py:90} INFO - Running: ['airflow', 'tasks', 'run', 'one_task_dag', 'one_task', 'manual__2024-06-27T19:45:25.019212+00:00', '--job-id', '3', '--raw', '--subdir', 'DAGS_FOLDER/one_task_dag.py', '--cfg-path', '/tmp/tmpajpz688_']
[2024-06-27T19:45:28.784+0000] {standard_task_runner.py:91} INFO - Job 3: Subtask one_task
[2024-06-27T19:45:28.831+0000] {task_command.py:426} INFO - Running <TaskInstance: one_task_dag.one_task manual__2024-06-27T19:45:25.019212+00:00 [running]> on host codespaces-ee93ac
[2024-06-27T19:45:28.926+0000] {taskinstance.py:2648} INFO - Exporting env vars: AIRFLOW_CTX_DAG_OWNER='Sabuja' AIRFLOW_CTX_DAG_ID='one_task_dag' AIRFLOW_CTX_TASK_ID='one_task' AIRFLOW_CTX_EXECUTION_DATE='2024-06-27T19:45:25.019212+00:00' AIRFLOW_CTX_TRY_NUMBER='1' AIRFLOW_CTX_DAG_RUN_ID='manual__2024-06-27T19:45:25.019212+00:00'
[2024-06-27T19:45:28.927+0000] {taskinstance.py:430} INFO - ::endgroup::
[2024-06-27T19:45:28.928+0000] {subprocess.py:63} INFO - Tmp dir root location: /tmp
[2024-06-27T19:45:28.928+0000] {subprocess.py:75} INFO - Running command: ['/usr/bin/bash', '-c', 'echo "Hello, LinkedIn Learning!" > /workspaces/AIRFLOW-HANDSON/airflow/lab/files/one_task_dag.txt']
[2024-06-27T19:45:28.936+0000] {subprocess.py:86} INFO - Output:
[2024-06-27T19:45:28.938+0000] {subprocess.py:97} INFO - Command exited with return code 0
[2024-06-27T19:45:28.938+0000] {taskinstance.py:441} INFO - ::group::Post task execution logs
[2024-06-27T19:45:28.975+0000] {taskinstance.py:1206} INFO - Marking task as SUCCESS. dag_id=one_task_dag, task_id=one_task, run_id=manual__2024-06-27T19:45:25.019212+00:00, execution_date=20240627T194525, start_date=20240627T194528, end_date=20240627T194528
[2024-06-27T19:45:29.035+0000] {local_task_job_runner.py:240} INFO - Task exited with return code 0
[2024-06-27T19:45:29.049+0000] {taskinstance.py:3503} INFO - 0 downstream tasks scheduled from follow-on schedule check
[2024-06-27T19:45:29.049+0000] {local_task_job_runner.py:222} INFO - ::endgroup::
