[2024-06-23T20:19:08.211+0000] {local_task_job_runner.py:120} INFO - ::group::Pre task execution logs
[2024-06-23T20:19:08.244+0000] {taskinstance.py:2076} INFO - Dependencies all met for dep_context=non-requeueable deps ti=<TaskInstance: Two_task_dag.one_task manual__2024-06-23T20:19:05.360689+00:00 [queued]>
[2024-06-23T20:19:08.250+0000] {taskinstance.py:2076} INFO - Dependencies all met for dep_context=requeueable deps ti=<TaskInstance: Two_task_dag.one_task manual__2024-06-23T20:19:05.360689+00:00 [queued]>
[2024-06-23T20:19:08.250+0000] {taskinstance.py:2306} INFO - Starting attempt 1 of 1
[2024-06-23T20:19:08.287+0000] {taskinstance.py:2330} INFO - Executing <Task(BashOperator): one_task> on 2024-06-23 20:19:05.360689+00:00
[2024-06-23T20:19:08.291+0000] {standard_task_runner.py:63} INFO - Started process 121121 to run task
[2024-06-23T20:19:08.294+0000] {standard_task_runner.py:90} INFO - Running: ['airflow', 'tasks', 'run', 'Two_task_dag', 'one_task', 'manual__2024-06-23T20:19:05.360689+00:00', '--job-id', '20', '--raw', '--subdir', 'DAGS_FOLDER/two_task_dag.py', '--cfg-path', '/tmp/tmpctsi_9am']
[2024-06-23T20:19:08.295+0000] {standard_task_runner.py:91} INFO - Job 20: Subtask one_task
[2024-06-23T20:19:08.352+0000] {task_command.py:426} INFO - Running <TaskInstance: Two_task_dag.one_task manual__2024-06-23T20:19:05.360689+00:00 [running]> on host codespaces-ee93ac
[2024-06-23T20:19:08.444+0000] {taskinstance.py:2648} INFO - Exporting env vars: AIRFLOW_CTX_DAG_OWNER='Vinoo' AIRFLOW_CTX_DAG_ID='Two_task_dag' AIRFLOW_CTX_TASK_ID='one_task' AIRFLOW_CTX_EXECUTION_DATE='2024-06-23T20:19:05.360689+00:00' AIRFLOW_CTX_TRY_NUMBER='1' AIRFLOW_CTX_DAG_RUN_ID='manual__2024-06-23T20:19:05.360689+00:00'
[2024-06-23T20:19:08.445+0000] {taskinstance.py:430} INFO - ::endgroup::
[2024-06-23T20:19:08.446+0000] {subprocess.py:63} INFO - Tmp dir root location: /tmp
[2024-06-23T20:19:08.446+0000] {subprocess.py:75} INFO - Running command: ['/usr/bin/bash', '-c', 'echo "first task complete!" ']
[2024-06-23T20:19:08.455+0000] {subprocess.py:86} INFO - Output:
[2024-06-23T20:19:08.456+0000] {subprocess.py:93} INFO - first task complete!
[2024-06-23T20:19:08.456+0000] {subprocess.py:97} INFO - Command exited with return code 0
[2024-06-23T20:19:08.457+0000] {taskinstance.py:441} INFO - ::group::Post task execution logs
[2024-06-23T20:19:08.493+0000] {taskinstance.py:1206} INFO - Marking task as SUCCESS. dag_id=Two_task_dag, task_id=one_task, run_id=manual__2024-06-23T20:19:05.360689+00:00, execution_date=20240623T201905, start_date=20240623T201908, end_date=20240623T201908
[2024-06-23T20:19:08.547+0000] {local_task_job_runner.py:240} INFO - Task exited with return code 0
[2024-06-23T20:19:08.560+0000] {taskinstance.py:3503} INFO - 1 downstream tasks scheduled from follow-on schedule check
[2024-06-23T20:19:08.585+0000] {local_task_job_runner.py:222} INFO - ::endgroup::
